 ACCALL - Accessibility calculations
 MAX RESIDUES     8000
 MAX ATOMS/RES     100
 PDB FILE INPUT split_chains/1A3Q_D.pdb
 PROBE SIZE       1.40
 Z-SLICE WIDTH   0.050
 VDW RADII FILE /home/sdlab/naccess/Naccess/vdw.radii
 EXCL HETATOMS
 EXCL HYDROGENS
 EXCL WATERS
 READVDW  32 residues input
 UNKNOWN residue type.............>  DG D 605 
 NON-STANDARD atom.| O5'| in residue>  DG D 605 
 GUESSED vdw of  O5' in  DG D 605  =  1.40
 NON-STANDARD atom.| C5'| in residue>  DG D 605 
 GUESSED vdw of  C5' in  DG D 605  =  1.80
 NON-STANDARD atom.| C4'| in residue>  DG D 605 
 GUESSED vdw of  C4' in  DG D 605  =  1.80
 NON-STANDARD atom.| O4'| in residue>  DG D 605 
 GUESSED vdw of  O4' in  DG D 605  =  1.40
 NON-STANDARD atom.| C3'| in residue>  DG D 605 
 GUESSED vdw of  C3' in  DG D 605  =  1.80
 NON-STANDARD atom.| O3'| in residue>  DG D 605 
 GUESSED vdw of  O3' in  DG D 605  =  1.40
 NON-STANDARD atom.| C2'| in residue>  DG D 605 
 GUESSED vdw of  C2' in  DG D 605  =  1.80
 NON-STANDARD atom.| C1'| in residue>  DG D 605 
 GUESSED vdw of  C1' in  DG D 605  =  1.80
 NON-STANDARD atom.| N9 | in residue>  DG D 605 
 ASSUMED vdw of  N9  in  DG D 605  =  1.60 (same as   A)
 NON-STANDARD atom.| C8 | in residue>  DG D 605 
 ASSUMED vdw of  C8  in  DG D 605  =  1.80 (same as   A)
 NON-STANDARD atom.| N7 | in residue>  DG D 605 
 ASSUMED vdw of  N7  in  DG D 605  =  1.60 (same as   A)
 NON-STANDARD atom.| C5 | in residue>  DG D 605 
 ASSUMED vdw of  C5  in  DG D 605  =  1.80 (same as   A)
 NON-STANDARD atom.| C6 | in residue>  DG D 605 
 ASSUMED vdw of  C6  in  DG D 605  =  1.80 (same as   A)
 NON-STANDARD atom.| O6 | in residue>  DG D 605 
 ASSUMED vdw of  O6  in  DG D 605  =  1.40 (same as   G)
 NON-STANDARD atom.| N1 | in residue>  DG D 605 
 ASSUMED vdw of  N1  in  DG D 605  =  1.60 (same as   A)
 NON-STANDARD atom.| C2 | in residue>  DG D 605 
 ASSUMED vdw of  C2  in  DG D 605  =  1.80 (same as   A)
 NON-STANDARD atom.| N2 | in residue>  DG D 605 
 ASSUMED vdw of  N2  in  DG D 605  =  1.60 (same as   G)
 NON-STANDARD atom.| N3 | in residue>  DG D 605 
 ASSUMED vdw of  N3  in  DG D 605  =  1.60 (same as   A)
 NON-STANDARD atom.| C4 | in residue>  DG D 605 
 ASSUMED vdw of  C4  in  DG D 605  =  1.80 (same as   A)
 UNKNOWN residue type.............>  DG D 606 
 NON-STANDARD atom.| P  | in residue>  DG D 606 
 ASSUMED vdw of  P   in  DG D 606  =  1.90 (same as   A)
 NON-STANDARD atom.| OP1| in residue>  DG D 606 
 GUESSED vdw of  OP1 in  DG D 606  =  1.40
 NON-STANDARD atom.| OP2| in residue>  DG D 606 
 GUESSED vdw of  OP2 in  DG D 606  =  1.40
 NON-STANDARD atom.| O5'| in residue>  DG D 606 
 GUESSED vdw of  O5' in  DG D 606  =  1.40
 NON-STANDARD atom.| C5'| in residue>  DG D 606 
 GUESSED vdw of  C5' in  DG D 606  =  1.80
 NON-STANDARD atom.| C4'| in residue>  DG D 606 
 GUESSED vdw of  C4' in  DG D 606  =  1.80
 NON-STANDARD atom.| O4'| in residue>  DG D 606 
 GUESSED vdw of  O4' in  DG D 606  =  1.40
 NON-STANDARD atom.| C3'| in residue>  DG D 606 
 GUESSED vdw of  C3' in  DG D 606  =  1.80
 NON-STANDARD atom.| O3'| in residue>  DG D 606 
 GUESSED vdw of  O3' in  DG D 606  =  1.40
 NON-STANDARD atom.| C2'| in residue>  DG D 606 
 GUESSED vdw of  C2' in  DG D 606  =  1.80
 NON-STANDARD atom.| C1'| in residue>  DG D 606 
 GUESSED vdw of  C1' in  DG D 606  =  1.80
 NON-STANDARD atom.| N9 | in residue>  DG D 606 
 ASSUMED vdw of  N9  in  DG D 606  =  1.60 (same as   A)
 NON-STANDARD atom.| C8 | in residue>  DG D 606 
 ASSUMED vdw of  C8  in  DG D 606  =  1.80 (same as   A)
 NON-STANDARD atom.| N7 | in residue>  DG D 606 
 ASSUMED vdw of  N7  in  DG D 606  =  1.60 (same as   A)
 NON-STANDARD atom.| C5 | in residue>  DG D 606 
 ASSUMED vdw of  C5  in  DG D 606  =  1.80 (same as   A)
 NON-STANDARD atom.| C6 | in residue>  DG D 606 
 ASSUMED vdw of  C6  in  DG D 606  =  1.80 (same as   A)
 NON-STANDARD atom.| O6 | in residue>  DG D 606 
 ASSUMED vdw of  O6  in  DG D 606  =  1.40 (same as   G)
 NON-STANDARD atom.| N1 | in residue>  DG D 606 
 ASSUMED vdw of  N1  in  DG D 606  =  1.60 (same as   A)
 NON-STANDARD atom.| C2 | in residue>  DG D 606 
 ASSUMED vdw of  C2  in  DG D 606  =  1.80 (same as   A)
 NON-STANDARD atom.| N2 | in residue>  DG D 606 
 ASSUMED vdw of  N2  in  DG D 606  =  1.60 (same as   G)
 NON-STANDARD atom.| N3 | in residue>  DG D 606 
 ASSUMED vdw of  N3  in  DG D 606  =  1.60 (same as   A)
 NON-STANDARD atom.| C4 | in residue>  DG D 606 
 ASSUMED vdw of  C4  in  DG D 606  =  1.80 (same as   A)
 UNKNOWN residue type.............>  DG D 607 
 NON-STANDARD atom.| P  | in residue>  DG D 607 
 ASSUMED vdw of  P   in  DG D 607  =  1.90 (same as   A)
 NON-STANDARD atom.| OP1| in residue>  DG D 607 
 GUESSED vdw of  OP1 in  DG D 607  =  1.40
 NON-STANDARD atom.| OP2| in residue>  DG D 607 
 GUESSED vdw of  OP2 in  DG D 607  =  1.40
 NON-STANDARD atom.| O5'| in residue>  DG D 607 
 GUESSED vdw of  O5' in  DG D 607  =  1.40
 NON-STANDARD atom.| C5'| in residue>  DG D 607 
 GUESSED vdw of  C5' in  DG D 607  =  1.80
 NON-STANDARD atom.| C4'| in residue>  DG D 607 
 GUESSED vdw of  C4' in  DG D 607  =  1.80
 NON-STANDARD atom.| O4'| in residue>  DG D 607 
 GUESSED vdw of  O4' in  DG D 607  =  1.40
 NON-STANDARD atom.| C3'| in residue>  DG D 607 
 GUESSED vdw of  C3' in  DG D 607  =  1.80
 NON-STANDARD atom.| O3'| in residue>  DG D 607 
 GUESSED vdw of  O3' in  DG D 607  =  1.40
 NON-STANDARD atom.| C2'| in residue>  DG D 607 
 GUESSED vdw of  C2' in  DG D 607  =  1.80
 NON-STANDARD atom.| C1'| in residue>  DG D 607 
 GUESSED vdw of  C1' in  DG D 607  =  1.80
 NON-STANDARD atom.| N9 | in residue>  DG D 607 
 ASSUMED vdw of  N9  in  DG D 607  =  1.60 (same as   A)
 NON-STANDARD atom.| C8 | in residue>  DG D 607 
 ASSUMED vdw of  C8  in  DG D 607  =  1.80 (same as   A)
 NON-STANDARD atom.| N7 | in residue>  DG D 607 
 ASSUMED vdw of  N7  in  DG D 607  =  1.60 (same as   A)
 NON-STANDARD atom.| C5 | in residue>  DG D 607 
 ASSUMED vdw of  C5  in  DG D 607  =  1.80 (same as   A)
 NON-STANDARD atom.| C6 | in residue>  DG D 607 
 ASSUMED vdw of  C6  in  DG D 607  =  1.80 (same as   A)
 NON-STANDARD atom.| O6 | in residue>  DG D 607 
 ASSUMED vdw of  O6  in  DG D 607  =  1.40 (same as   G)
 NON-STANDARD atom.| N1 | in residue>  DG D 607 
 ASSUMED vdw of  N1  in  DG D 607  =  1.60 (same as   A)
 NON-STANDARD atom.| C2 | in residue>  DG D 607 
 ASSUMED vdw of  C2  in  DG D 607  =  1.80 (same as   A)
 NON-STANDARD atom.| N2 | in residue>  DG D 607 
 ASSUMED vdw of  N2  in  DG D 607  =  1.60 (same as   G)
 NON-STANDARD atom.| N3 | in residue>  DG D 607 
 ASSUMED vdw of  N3  in  DG D 607  =  1.60 (same as   A)
 NON-STANDARD atom.| C4 | in residue>  DG D 607 
 ASSUMED vdw of  C4  in  DG D 607  =  1.80 (same as   A)
 UNKNOWN residue type.............>  DG D 608 
 NON-STANDARD atom.| P  | in residue>  DG D 608 
 ASSUMED vdw of  P   in  DG D 608  =  1.90 (same as   A)
 NON-STANDARD atom.| OP1| in residue>  DG D 608 
 GUESSED vdw of  OP1 in  DG D 608  =  1.40
 NON-STANDARD atom.| OP2| in residue>  DG D 608 
 GUESSED vdw of  OP2 in  DG D 608  =  1.40
 NON-STANDARD atom.| O5'| in residue>  DG D 608 
 GUESSED vdw of  O5' in  DG D 608  =  1.40
 NON-STANDARD atom.| C5'| in residue>  DG D 608 
 GUESSED vdw of  C5' in  DG D 608  =  1.80
 NON-STANDARD atom.| C4'| in residue>  DG D 608 
 GUESSED vdw of  C4' in  DG D 608  =  1.80
 NON-STANDARD atom.| O4'| in residue>  DG D 608 
 GUESSED vdw of  O4' in  DG D 608  =  1.40
 NON-STANDARD atom.| C3'| in residue>  DG D 608 
 GUESSED vdw of  C3' in  DG D 608  =  1.80
 NON-STANDARD atom.| O3'| in residue>  DG D 608 
 GUESSED vdw of  O3' in  DG D 608  =  1.40
 NON-STANDARD atom.| C2'| in residue>  DG D 608 
 GUESSED vdw of  C2' in  DG D 608  =  1.80
 NON-STANDARD atom.| C1'| in residue>  DG D 608 
 GUESSED vdw of  C1' in  DG D 608  =  1.80
 NON-STANDARD atom.| N9 | in residue>  DG D 608 
 ASSUMED vdw of  N9  in  DG D 608  =  1.60 (same as   A)
 NON-STANDARD atom.| C8 | in residue>  DG D 608 
 ASSUMED vdw of  C8  in  DG D 608  =  1.80 (same as   A)
 NON-STANDARD atom.| N7 | in residue>  DG D 608 
 ASSUMED vdw of  N7  in  DG D 608  =  1.60 (same as   A)
 NON-STANDARD atom.| C5 | in residue>  DG D 608 
 ASSUMED vdw of  C5  in  DG D 608  =  1.80 (same as   A)
 NON-STANDARD atom.| C6 | in residue>  DG D 608 
 ASSUMED vdw of  C6  in  DG D 608  =  1.80 (same as   A)
 NON-STANDARD atom.| O6 | in residue>  DG D 608 
 ASSUMED vdw of  O6  in  DG D 608  =  1.40 (same as   G)
 NON-STANDARD atom.| N1 | in residue>  DG D 608 
 ASSUMED vdw of  N1  in  DG D 608  =  1.60 (same as   A)
 NON-STANDARD atom.| C2 | in residue>  DG D 608 
 ASSUMED vdw of  C2  in  DG D 608  =  1.80 (same as   A)
 NON-STANDARD atom.| N2 | in residue>  DG D 608 
 ASSUMED vdw of  N2  in  DG D 608  =  1.60 (same as   G)
 NON-STANDARD atom.| N3 | in residue>  DG D 608 
 ASSUMED vdw of  N3  in  DG D 608  =  1.60 (same as   A)
 NON-STANDARD atom.| C4 | in residue>  DG D 608 
 ASSUMED vdw of  C4  in  DG D 608  =  1.80 (same as   A)
 UNKNOWN residue type.............>  DA D 609 
 NON-STANDARD atom.| P  | in residue>  DA D 609 
 ASSUMED vdw of  P   in  DA D 609  =  1.90 (same as   A)
 NON-STANDARD atom.| OP1| in residue>  DA D 609 
 GUESSED vdw of  OP1 in  DA D 609  =  1.40
 NON-STANDARD atom.| OP2| in residue>  DA D 609 
 GUESSED vdw of  OP2 in  DA D 609  =  1.40
 NON-STANDARD atom.| O5'| in residue>  DA D 609 
 GUESSED vdw of  O5' in  DA D 609  =  1.40
 NON-STANDARD atom.| C5'| in residue>  DA D 609 
 GUESSED vdw of  C5' in  DA D 609  =  1.80
 NON-STANDARD atom.| C4'| in residue>  DA D 609 
 GUESSED vdw of  C4' in  DA D 609  =  1.80
 NON-STANDARD atom.| O4'| in residue>  DA D 609 
 GUESSED vdw of  O4' in  DA D 609  =  1.40
 NON-STANDARD atom.| C3'| in residue>  DA D 609 
 GUESSED vdw of  C3' in  DA D 609  =  1.80
 NON-STANDARD atom.| O3'| in residue>  DA D 609 
 GUESSED vdw of  O3' in  DA D 609  =  1.40
 NON-STANDARD atom.| C2'| in residue>  DA D 609 
 GUESSED vdw of  C2' in  DA D 609  =  1.80
 NON-STANDARD atom.| C1'| in residue>  DA D 609 
 GUESSED vdw of  C1' in  DA D 609  =  1.80
 NON-STANDARD atom.| N9 | in residue>  DA D 609 
 ASSUMED vdw of  N9  in  DA D 609  =  1.60 (same as   A)
 NON-STANDARD atom.| C8 | in residue>  DA D 609 
 ASSUMED vdw of  C8  in  DA D 609  =  1.80 (same as   A)
 NON-STANDARD atom.| N7 | in residue>  DA D 609 
 ASSUMED vdw of  N7  in  DA D 609  =  1.60 (same as   A)
 NON-STANDARD atom.| C5 | in residue>  DA D 609 
 ASSUMED vdw of  C5  in  DA D 609  =  1.80 (same as   A)
 NON-STANDARD atom.| C6 | in residue>  DA D 609 
 ASSUMED vdw of  C6  in  DA D 609  =  1.80 (same as   A)
 NON-STANDARD atom.| N6 | in residue>  DA D 609 
 ASSUMED vdw of  N6  in  DA D 609  =  1.60 (same as   A)
 NON-STANDARD atom.| N1 | in residue>  DA D 609 
 ASSUMED vdw of  N1  in  DA D 609  =  1.60 (same as   A)
 NON-STANDARD atom.| C2 | in residue>  DA D 609 
 ASSUMED vdw of  C2  in  DA D 609  =  1.80 (same as   A)
 NON-STANDARD atom.| N3 | in residue>  DA D 609 
 ASSUMED vdw of  N3  in  DA D 609  =  1.60 (same as   A)
 NON-STANDARD atom.| C4 | in residue>  DA D 609 
 ASSUMED vdw of  C4  in  DA D 609  =  1.80 (same as   A)
 UNKNOWN residue type.............>  DT D 610 
 NON-STANDARD atom.| P  | in residue>  DT D 610 
 ASSUMED vdw of  P   in  DT D 610  =  1.90 (same as   A)
 NON-STANDARD atom.| OP1| in residue>  DT D 610 
 GUESSED vdw of  OP1 in  DT D 610  =  1.40
 NON-STANDARD atom.| OP2| in residue>  DT D 610 
 GUESSED vdw of  OP2 in  DT D 610  =  1.40
 NON-STANDARD atom.| O5'| in residue>  DT D 610 
 GUESSED vdw of  O5' in  DT D 610  =  1.40
 NON-STANDARD atom.| C5'| in residue>  DT D 610 
 GUESSED vdw of  C5' in  DT D 610  =  1.80
 NON-STANDARD atom.| C4'| in residue>  DT D 610 
 GUESSED vdw of  C4' in  DT D 610  =  1.80
 NON-STANDARD atom.| O4'| in residue>  DT D 610 
 GUESSED vdw of  O4' in  DT D 610  =  1.40
 NON-STANDARD atom.| C3'| in residue>  DT D 610 
 GUESSED vdw of  C3' in  DT D 610  =  1.80
 NON-STANDARD atom.| O3'| in residue>  DT D 610 
 GUESSED vdw of  O3' in  DT D 610  =  1.40
 NON-STANDARD atom.| C2'| in residue>  DT D 610 
 GUESSED vdw of  C2' in  DT D 610  =  1.80
 NON-STANDARD atom.| C1'| in residue>  DT D 610 
 GUESSED vdw of  C1' in  DT D 610  =  1.80
 NON-STANDARD atom.| N1 | in residue>  DT D 610 
 ASSUMED vdw of  N1  in  DT D 610  =  1.60 (same as   A)
 NON-STANDARD atom.| C2 | in residue>  DT D 610 
 ASSUMED vdw of  C2  in  DT D 610  =  1.80 (same as   A)
 NON-STANDARD atom.| O2 | in residue>  DT D 610 
 ASSUMED vdw of  O2  in  DT D 610  =  1.40 (same as   C)
 NON-STANDARD atom.| N3 | in residue>  DT D 610 
 ASSUMED vdw of  N3  in  DT D 610  =  1.60 (same as   A)
 NON-STANDARD atom.| C4 | in residue>  DT D 610 
 ASSUMED vdw of  C4  in  DT D 610  =  1.80 (same as   A)
 NON-STANDARD atom.| O4 | in residue>  DT D 610 
 ASSUMED vdw of  O4  in  DT D 610  =  1.40 (same as   T)
 NON-STANDARD atom.| C5 | in residue>  DT D 610 
 ASSUMED vdw of  C5  in  DT D 610  =  1.80 (same as   A)
 NON-STANDARD atom.| C7 | in residue>  DT D 610 
 GUESSED vdw of  C7  in  DT D 610  =  1.80
 NON-STANDARD atom.| C6 | in residue>  DT D 610 
 ASSUMED vdw of  C6  in  DT D 610  =  1.80 (same as   A)
 UNKNOWN residue type.............>  DT D 611 
 NON-STANDARD atom.| P  | in residue>  DT D 611 
 ASSUMED vdw of  P   in  DT D 611  =  1.90 (same as   A)
 NON-STANDARD atom.| OP1| in residue>  DT D 611 
 GUESSED vdw of  OP1 in  DT D 611  =  1.40
 NON-STANDARD atom.| OP2| in residue>  DT D 611 
 GUESSED vdw of  OP2 in  DT D 611  =  1.40
 NON-STANDARD atom.| O5'| in residue>  DT D 611 
 GUESSED vdw of  O5' in  DT D 611  =  1.40
 NON-STANDARD atom.| C5'| in residue>  DT D 611 
 GUESSED vdw of  C5' in  DT D 611  =  1.80
 NON-STANDARD atom.| C4'| in residue>  DT D 611 
 GUESSED vdw of  C4' in  DT D 611  =  1.80
 NON-STANDARD atom.| O4'| in residue>  DT D 611 
 GUESSED vdw of  O4' in  DT D 611  =  1.40
 NON-STANDARD atom.| C3'| in residue>  DT D 611 
 GUESSED vdw of  C3' in  DT D 611  =  1.80
 NON-STANDARD atom.| O3'| in residue>  DT D 611 
 GUESSED vdw of  O3' in  DT D 611  =  1.40
 NON-STANDARD atom.| C2'| in residue>  DT D 611 
 GUESSED vdw of  C2' in  DT D 611  =  1.80
 NON-STANDARD atom.| C1'| in residue>  DT D 611 
 GUESSED vdw of  C1' in  DT D 611  =  1.80
 NON-STANDARD atom.| N1 | in residue>  DT D 611 
 ASSUMED vdw of  N1  in  DT D 611  =  1.60 (same as   A)
 NON-STANDARD atom.| C2 | in residue>  DT D 611 
 ASSUMED vdw of  C2  in  DT D 611  =  1.80 (same as   A)
 NON-STANDARD atom.| O2 | in residue>  DT D 611 
 ASSUMED vdw of  O2  in  DT D 611  =  1.40 (same as   C)
 NON-STANDARD atom.| N3 | in residue>  DT D 611 
 ASSUMED vdw of  N3  in  DT D 611  =  1.60 (same as   A)
 NON-STANDARD atom.| C4 | in residue>  DT D 611 
 ASSUMED vdw of  C4  in  DT D 611  =  1.80 (same as   A)
 NON-STANDARD atom.| O4 | in residue>  DT D 611 
 ASSUMED vdw of  O4  in  DT D 611  =  1.40 (same as   T)
 NON-STANDARD atom.| C5 | in residue>  DT D 611 
 ASSUMED vdw of  C5  in  DT D 611  =  1.80 (same as   A)
 NON-STANDARD atom.| C7 | in residue>  DT D 611 
 GUESSED vdw of  C7  in  DT D 611  =  1.80
 NON-STANDARD atom.| C6 | in residue>  DT D 611 
 ASSUMED vdw of  C6  in  DT D 611  =  1.80 (same as   A)
 UNKNOWN residue type.............>  DC D 612 
 NON-STANDARD atom.| P  | in residue>  DC D 612 
 ASSUMED vdw of  P   in  DC D 612  =  1.90 (same as   A)
 NON-STANDARD atom.| OP1| in residue>  DC D 612 
 GUESSED vdw of  OP1 in  DC D 612  =  1.40
 NON-STANDARD atom.| OP2| in residue>  DC D 612 
 GUESSED vdw of  OP2 in  DC D 612  =  1.40
 NON-STANDARD atom.| O5'| in residue>  DC D 612 
 GUESSED vdw of  O5' in  DC D 612  =  1.40
 NON-STANDARD atom.| C5'| in residue>  DC D 612 
 GUESSED vdw of  C5' in  DC D 612  =  1.80
 NON-STANDARD atom.| C4'| in residue>  DC D 612 
 GUESSED vdw of  C4' in  DC D 612  =  1.80
 NON-STANDARD atom.| O4'| in residue>  DC D 612 
 GUESSED vdw of  O4' in  DC D 612  =  1.40
 NON-STANDARD atom.| C3'| in residue>  DC D 612 
 GUESSED vdw of  C3' in  DC D 612  =  1.80
 NON-STANDARD atom.| O3'| in residue>  DC D 612 
 GUESSED vdw of  O3' in  DC D 612  =  1.40
 NON-STANDARD atom.| C2'| in residue>  DC D 612 
 GUESSED vdw of  C2' in  DC D 612  =  1.80
 NON-STANDARD atom.| C1'| in residue>  DC D 612 
 GUESSED vdw of  C1' in  DC D 612  =  1.80
 NON-STANDARD atom.| N1 | in residue>  DC D 612 
 ASSUMED vdw of  N1  in  DC D 612  =  1.60 (same as   A)
 NON-STANDARD atom.| C2 | in residue>  DC D 612 
 ASSUMED vdw of  C2  in  DC D 612  =  1.80 (same as   A)
 NON-STANDARD atom.| O2 | in residue>  DC D 612 
 ASSUMED vdw of  O2  in  DC D 612  =  1.40 (same as   C)
 NON-STANDARD atom.| N3 | in residue>  DC D 612 
 ASSUMED vdw of  N3  in  DC D 612  =  1.60 (same as   A)
 NON-STANDARD atom.| C4 | in residue>  DC D 612 
 ASSUMED vdw of  C4  in  DC D 612  =  1.80 (same as   A)
 NON-STANDARD atom.| N4 | in residue>  DC D 612 
 ASSUMED vdw of  N4  in  DC D 612  =  1.60 (same as   C)
 NON-STANDARD atom.| C5 | in residue>  DC D 612 
 ASSUMED vdw of  C5  in  DC D 612  =  1.80 (same as   A)
 NON-STANDARD atom.| C6 | in residue>  DC D 612 
 ASSUMED vdw of  C6  in  DC D 612  =  1.80 (same as   A)
 UNKNOWN residue type.............>  DC D 613 
 NON-STANDARD atom.| P  | in residue>  DC D 613 
 ASSUMED vdw of  P   in  DC D 613  =  1.90 (same as   A)
 NON-STANDARD atom.| OP1| in residue>  DC D 613 
 GUESSED vdw of  OP1 in  DC D 613  =  1.40
 NON-STANDARD atom.| OP2| in residue>  DC D 613 
 GUESSED vdw of  OP2 in  DC D 613  =  1.40
 NON-STANDARD atom.| O5'| in residue>  DC D 613 
 GUESSED vdw of  O5' in  DC D 613  =  1.40
 NON-STANDARD atom.| C5'| in residue>  DC D 613 
 GUESSED vdw of  C5' in  DC D 613  =  1.80
 NON-STANDARD atom.| C4'| in residue>  DC D 613 
 GUESSED vdw of  C4' in  DC D 613  =  1.80
 NON-STANDARD atom.| O4'| in residue>  DC D 613 
 GUESSED vdw of  O4' in  DC D 613  =  1.40
 NON-STANDARD atom.| C3'| in residue>  DC D 613 
 GUESSED vdw of  C3' in  DC D 613  =  1.80
 NON-STANDARD atom.| O3'| in residue>  DC D 613 
 GUESSED vdw of  O3' in  DC D 613  =  1.40
 NON-STANDARD atom.| C2'| in residue>  DC D 613 
 GUESSED vdw of  C2' in  DC D 613  =  1.80
 NON-STANDARD atom.| C1'| in residue>  DC D 613 
 GUESSED vdw of  C1' in  DC D 613  =  1.80
 NON-STANDARD atom.| N1 | in residue>  DC D 613 
 ASSUMED vdw of  N1  in  DC D 613  =  1.60 (same as   A)
 NON-STANDARD atom.| C2 | in residue>  DC D 613 
 ASSUMED vdw of  C2  in  DC D 613  =  1.80 (same as   A)
 NON-STANDARD atom.| O2 | in residue>  DC D 613 
 ASSUMED vdw of  O2  in  DC D 613  =  1.40 (same as   C)
 NON-STANDARD atom.| N3 | in residue>  DC D 613 
 ASSUMED vdw of  N3  in  DC D 613  =  1.60 (same as   A)
 NON-STANDARD atom.| C4 | in residue>  DC D 613 
 ASSUMED vdw of  C4  in  DC D 613  =  1.80 (same as   A)
 NON-STANDARD atom.| N4 | in residue>  DC D 613 
 ASSUMED vdw of  N4  in  DC D 613  =  1.60 (same as   C)
 NON-STANDARD atom.| C5 | in residue>  DC D 613 
 ASSUMED vdw of  C5  in  DC D 613  =  1.80 (same as   A)
 NON-STANDARD atom.| C6 | in residue>  DC D 613 
 ASSUMED vdw of  C6  in  DC D 613  =  1.80 (same as   A)
 UNKNOWN residue type.............>  DC D 614 
 NON-STANDARD atom.| P  | in residue>  DC D 614 
 ASSUMED vdw of  P   in  DC D 614  =  1.90 (same as   A)
 NON-STANDARD atom.| OP1| in residue>  DC D 614 
 GUESSED vdw of  OP1 in  DC D 614  =  1.40
 NON-STANDARD atom.| OP2| in residue>  DC D 614 
 GUESSED vdw of  OP2 in  DC D 614  =  1.40
 NON-STANDARD atom.| O5'| in residue>  DC D 614 
 GUESSED vdw of  O5' in  DC D 614  =  1.40
 NON-STANDARD atom.| C5'| in residue>  DC D 614 
 GUESSED vdw of  C5' in  DC D 614  =  1.80
 NON-STANDARD atom.| C4'| in residue>  DC D 614 
 GUESSED vdw of  C4' in  DC D 614  =  1.80
 NON-STANDARD atom.| O4'| in residue>  DC D 614 
 GUESSED vdw of  O4' in  DC D 614  =  1.40
 NON-STANDARD atom.| C3'| in residue>  DC D 614 
 GUESSED vdw of  C3' in  DC D 614  =  1.80
 NON-STANDARD atom.| O3'| in residue>  DC D 614 
 GUESSED vdw of  O3' in  DC D 614  =  1.40
 NON-STANDARD atom.| C2'| in residue>  DC D 614 
 GUESSED vdw of  C2' in  DC D 614  =  1.80
 NON-STANDARD atom.| C1'| in residue>  DC D 614 
 GUESSED vdw of  C1' in  DC D 614  =  1.80
 NON-STANDARD atom.| N1 | in residue>  DC D 614 
 ASSUMED vdw of  N1  in  DC D 614  =  1.60 (same as   A)
 NON-STANDARD atom.| C2 | in residue>  DC D 614 
 ASSUMED vdw of  C2  in  DC D 614  =  1.80 (same as   A)
 NON-STANDARD atom.| O2 | in residue>  DC D 614 
 ASSUMED vdw of  O2  in  DC D 614  =  1.40 (same as   C)
 NON-STANDARD atom.| N3 | in residue>  DC D 614 
 ASSUMED vdw of  N3  in  DC D 614  =  1.60 (same as   A)
 NON-STANDARD atom.| C4 | in residue>  DC D 614 
 ASSUMED vdw of  C4  in  DC D 614  =  1.80 (same as   A)
 NON-STANDARD atom.| N4 | in residue>  DC D 614 
 ASSUMED vdw of  N4  in  DC D 614  =  1.60 (same as   C)
 NON-STANDARD atom.| C5 | in residue>  DC D 614 
 ASSUMED vdw of  C5  in  DC D 614  =  1.80 (same as   A)
 NON-STANDARD atom.| C6 | in residue>  DC D 614 
 ASSUMED vdw of  C6  in  DC D 614  =  1.80 (same as   A)
 UNKNOWN residue type.............>  DC D 615 
 NON-STANDARD atom.| P  | in residue>  DC D 615 
 ASSUMED vdw of  P   in  DC D 615  =  1.90 (same as   A)
 NON-STANDARD atom.| OP1| in residue>  DC D 615 
 GUESSED vdw of  OP1 in  DC D 615  =  1.40
 NON-STANDARD atom.| OP2| in residue>  DC D 615 
 GUESSED vdw of  OP2 in  DC D 615  =  1.40
 NON-STANDARD atom.| O5'| in residue>  DC D 615 
 GUESSED vdw of  O5' in  DC D 615  =  1.40
 NON-STANDARD atom.| C5'| in residue>  DC D 615 
 GUESSED vdw of  C5' in  DC D 615  =  1.80
 NON-STANDARD atom.| C4'| in residue>  DC D 615 
 GUESSED vdw of  C4' in  DC D 615  =  1.80
 NON-STANDARD atom.| O4'| in residue>  DC D 615 
 GUESSED vdw of  O4' in  DC D 615  =  1.40
 NON-STANDARD atom.| C3'| in residue>  DC D 615 
 GUESSED vdw of  C3' in  DC D 615  =  1.80
 NON-STANDARD atom.| O3'| in residue>  DC D 615 
 GUESSED vdw of  O3' in  DC D 615  =  1.40
 NON-STANDARD atom.| C2'| in residue>  DC D 615 
 GUESSED vdw of  C2' in  DC D 615  =  1.80
 NON-STANDARD atom.| C1'| in residue>  DC D 615 
 GUESSED vdw of  C1' in  DC D 615  =  1.80
 NON-STANDARD atom.| N1 | in residue>  DC D 615 
 ASSUMED vdw of  N1  in  DC D 615  =  1.60 (same as   A)
 NON-STANDARD atom.| C2 | in residue>  DC D 615 
 ASSUMED vdw of  C2  in  DC D 615  =  1.80 (same as   A)
 NON-STANDARD atom.| O2 | in residue>  DC D 615 
 ASSUMED vdw of  O2  in  DC D 615  =  1.40 (same as   C)
 NON-STANDARD atom.| N3 | in residue>  DC D 615 
 ASSUMED vdw of  N3  in  DC D 615  =  1.60 (same as   A)
 NON-STANDARD atom.| C4 | in residue>  DC D 615 
 ASSUMED vdw of  C4  in  DC D 615  =  1.80 (same as   A)
 NON-STANDARD atom.| N4 | in residue>  DC D 615 
 ASSUMED vdw of  N4  in  DC D 615  =  1.60 (same as   C)
 NON-STANDARD atom.| C5 | in residue>  DC D 615 
 ASSUMED vdw of  C5  in  DC D 615  =  1.80 (same as   A)
 NON-STANDARD atom.| C6 | in residue>  DC D 615 
 ASSUMED vdw of  C6  in  DC D 615  =  1.80 (same as   A)
 ADDED VDW RADII
 CHAINS       1
 RESIDUES    11
 ATOMS      222
 SOLVA: PROGRAM ENDS CORRECTLY
 CALCULATED ATOMIC ACCESSIBILITES
 RELATIVE (STANDARD) ACCESSIBILITIES READFOR  20 AMINO ACIDS
 SUMMED ACCESSIBILITIES OVER RESIDUES
