 ACCALL - Accessibility calculations
 MAX RESIDUES     8000
 MAX ATOMS/RES     100
 PDB FILE INPUT split_chains/1RM1_E.pdb
 PROBE SIZE       1.40
 Z-SLICE WIDTH   0.050
 VDW RADII FILE /home/sdlab/naccess/Naccess/vdw.radii
 EXCL HETATOMS
 EXCL HYDROGENS
 EXCL WATERS
 READVDW  32 residues input
 UNKNOWN residue type.............>  DC E  19 
 NON-STANDARD atom.| P  | in residue>  DC E  19 
 ASSUMED vdw of  P   in  DC E  19  =  1.90 (same as   A)
 NON-STANDARD atom.| OP1| in residue>  DC E  19 
 GUESSED vdw of  OP1 in  DC E  19  =  1.40
 NON-STANDARD atom.| OP2| in residue>  DC E  19 
 GUESSED vdw of  OP2 in  DC E  19  =  1.40
 NON-STANDARD atom.| O5'| in residue>  DC E  19 
 GUESSED vdw of  O5' in  DC E  19  =  1.40
 NON-STANDARD atom.| C5'| in residue>  DC E  19 
 GUESSED vdw of  C5' in  DC E  19  =  1.80
 NON-STANDARD atom.| C4'| in residue>  DC E  19 
 GUESSED vdw of  C4' in  DC E  19  =  1.80
 NON-STANDARD atom.| O4'| in residue>  DC E  19 
 GUESSED vdw of  O4' in  DC E  19  =  1.40
 NON-STANDARD atom.| C3'| in residue>  DC E  19 
 GUESSED vdw of  C3' in  DC E  19  =  1.80
 NON-STANDARD atom.| O3'| in residue>  DC E  19 
 GUESSED vdw of  O3' in  DC E  19  =  1.40
 NON-STANDARD atom.| C2'| in residue>  DC E  19 
 GUESSED vdw of  C2' in  DC E  19  =  1.80
 NON-STANDARD atom.| C1'| in residue>  DC E  19 
 GUESSED vdw of  C1' in  DC E  19  =  1.80
 NON-STANDARD atom.| N1 | in residue>  DC E  19 
 ASSUMED vdw of  N1  in  DC E  19  =  1.60 (same as   A)
 NON-STANDARD atom.| C2 | in residue>  DC E  19 
 ASSUMED vdw of  C2  in  DC E  19  =  1.80 (same as   A)
 NON-STANDARD atom.| O2 | in residue>  DC E  19 
 ASSUMED vdw of  O2  in  DC E  19  =  1.40 (same as   C)
 NON-STANDARD atom.| N3 | in residue>  DC E  19 
 ASSUMED vdw of  N3  in  DC E  19  =  1.60 (same as   A)
 NON-STANDARD atom.| C4 | in residue>  DC E  19 
 ASSUMED vdw of  C4  in  DC E  19  =  1.80 (same as   A)
 NON-STANDARD atom.| N4 | in residue>  DC E  19 
 ASSUMED vdw of  N4  in  DC E  19  =  1.60 (same as   C)
 NON-STANDARD atom.| C5 | in residue>  DC E  19 
 ASSUMED vdw of  C5  in  DC E  19  =  1.80 (same as   A)
 NON-STANDARD atom.| C6 | in residue>  DC E  19 
 ASSUMED vdw of  C6  in  DC E  19  =  1.80 (same as   A)
 UNKNOWN residue type.............>  DG E  20 
 NON-STANDARD atom.| P  | in residue>  DG E  20 
 ASSUMED vdw of  P   in  DG E  20  =  1.90 (same as   A)
 NON-STANDARD atom.| OP1| in residue>  DG E  20 
 GUESSED vdw of  OP1 in  DG E  20  =  1.40
 NON-STANDARD atom.| OP2| in residue>  DG E  20 
 GUESSED vdw of  OP2 in  DG E  20  =  1.40
 NON-STANDARD atom.| O5'| in residue>  DG E  20 
 GUESSED vdw of  O5' in  DG E  20  =  1.40
 NON-STANDARD atom.| C5'| in residue>  DG E  20 
 GUESSED vdw of  C5' in  DG E  20  =  1.80
 NON-STANDARD atom.| C4'| in residue>  DG E  20 
 GUESSED vdw of  C4' in  DG E  20  =  1.80
 NON-STANDARD atom.| O4'| in residue>  DG E  20 
 GUESSED vdw of  O4' in  DG E  20  =  1.40
 NON-STANDARD atom.| C3'| in residue>  DG E  20 
 GUESSED vdw of  C3' in  DG E  20  =  1.80
 NON-STANDARD atom.| O3'| in residue>  DG E  20 
 GUESSED vdw of  O3' in  DG E  20  =  1.40
 NON-STANDARD atom.| C2'| in residue>  DG E  20 
 GUESSED vdw of  C2' in  DG E  20  =  1.80
 NON-STANDARD atom.| C1'| in residue>  DG E  20 
 GUESSED vdw of  C1' in  DG E  20  =  1.80
 NON-STANDARD atom.| N9 | in residue>  DG E  20 
 ASSUMED vdw of  N9  in  DG E  20  =  1.60 (same as   A)
 NON-STANDARD atom.| C8 | in residue>  DG E  20 
 ASSUMED vdw of  C8  in  DG E  20  =  1.80 (same as   A)
 NON-STANDARD atom.| N7 | in residue>  DG E  20 
 ASSUMED vdw of  N7  in  DG E  20  =  1.60 (same as   A)
 NON-STANDARD atom.| C5 | in residue>  DG E  20 
 ASSUMED vdw of  C5  in  DG E  20  =  1.80 (same as   A)
 NON-STANDARD atom.| C6 | in residue>  DG E  20 
 ASSUMED vdw of  C6  in  DG E  20  =  1.80 (same as   A)
 NON-STANDARD atom.| O6 | in residue>  DG E  20 
 ASSUMED vdw of  O6  in  DG E  20  =  1.40 (same as   G)
 NON-STANDARD atom.| N1 | in residue>  DG E  20 
 ASSUMED vdw of  N1  in  DG E  20  =  1.60 (same as   A)
 NON-STANDARD atom.| C2 | in residue>  DG E  20 
 ASSUMED vdw of  C2  in  DG E  20  =  1.80 (same as   A)
 NON-STANDARD atom.| N2 | in residue>  DG E  20 
 ASSUMED vdw of  N2  in  DG E  20  =  1.60 (same as   G)
 NON-STANDARD atom.| N3 | in residue>  DG E  20 
 ASSUMED vdw of  N3  in  DG E  20  =  1.60 (same as   A)
 NON-STANDARD atom.| C4 | in residue>  DG E  20 
 ASSUMED vdw of  C4  in  DG E  20  =  1.80 (same as   A)
 UNKNOWN residue type.............>  DT E  21 
 NON-STANDARD atom.| P  | in residue>  DT E  21 
 ASSUMED vdw of  P   in  DT E  21  =  1.90 (same as   A)
 NON-STANDARD atom.| OP1| in residue>  DT E  21 
 GUESSED vdw of  OP1 in  DT E  21  =  1.40
 NON-STANDARD atom.| OP2| in residue>  DT E  21 
 GUESSED vdw of  OP2 in  DT E  21  =  1.40
 NON-STANDARD atom.| O5'| in residue>  DT E  21 
 GUESSED vdw of  O5' in  DT E  21  =  1.40
 NON-STANDARD atom.| C5'| in residue>  DT E  21 
 GUESSED vdw of  C5' in  DT E  21  =  1.80
 NON-STANDARD atom.| C4'| in residue>  DT E  21 
 GUESSED vdw of  C4' in  DT E  21  =  1.80
 NON-STANDARD atom.| O4'| in residue>  DT E  21 
 GUESSED vdw of  O4' in  DT E  21  =  1.40
 NON-STANDARD atom.| C3'| in residue>  DT E  21 
 GUESSED vdw of  C3' in  DT E  21  =  1.80
 NON-STANDARD atom.| O3'| in residue>  DT E  21 
 GUESSED vdw of  O3' in  DT E  21  =  1.40
 NON-STANDARD atom.| C2'| in residue>  DT E  21 
 GUESSED vdw of  C2' in  DT E  21  =  1.80
 NON-STANDARD atom.| C1'| in residue>  DT E  21 
 GUESSED vdw of  C1' in  DT E  21  =  1.80
 NON-STANDARD atom.| N1 | in residue>  DT E  21 
 ASSUMED vdw of  N1  in  DT E  21  =  1.60 (same as   A)
 NON-STANDARD atom.| C2 | in residue>  DT E  21 
 ASSUMED vdw of  C2  in  DT E  21  =  1.80 (same as   A)
 NON-STANDARD atom.| O2 | in residue>  DT E  21 
 ASSUMED vdw of  O2  in  DT E  21  =  1.40 (same as   C)
 NON-STANDARD atom.| N3 | in residue>  DT E  21 
 ASSUMED vdw of  N3  in  DT E  21  =  1.60 (same as   A)
 NON-STANDARD atom.| C4 | in residue>  DT E  21 
 ASSUMED vdw of  C4  in  DT E  21  =  1.80 (same as   A)
 NON-STANDARD atom.| O4 | in residue>  DT E  21 
 ASSUMED vdw of  O4  in  DT E  21  =  1.40 (same as   T)
 NON-STANDARD atom.| C5 | in residue>  DT E  21 
 ASSUMED vdw of  C5  in  DT E  21  =  1.80 (same as   A)
 NON-STANDARD atom.| C7 | in residue>  DT E  21 
 GUESSED vdw of  C7  in  DT E  21  =  1.80
 NON-STANDARD atom.| C6 | in residue>  DT E  21 
 ASSUMED vdw of  C6  in  DT E  21  =  1.80 (same as   A)
 UNKNOWN residue type.............>  DT E  22 
 NON-STANDARD atom.| P  | in residue>  DT E  22 
 ASSUMED vdw of  P   in  DT E  22  =  1.90 (same as   A)
 NON-STANDARD atom.| OP1| in residue>  DT E  22 
 GUESSED vdw of  OP1 in  DT E  22  =  1.40
 NON-STANDARD atom.| OP2| in residue>  DT E  22 
 GUESSED vdw of  OP2 in  DT E  22  =  1.40
 NON-STANDARD atom.| O5'| in residue>  DT E  22 
 GUESSED vdw of  O5' in  DT E  22  =  1.40
 NON-STANDARD atom.| C5'| in residue>  DT E  22 
 GUESSED vdw of  C5' in  DT E  22  =  1.80
 NON-STANDARD atom.| C4'| in residue>  DT E  22 
 GUESSED vdw of  C4' in  DT E  22  =  1.80
 NON-STANDARD atom.| O4'| in residue>  DT E  22 
 GUESSED vdw of  O4' in  DT E  22  =  1.40
 NON-STANDARD atom.| C3'| in residue>  DT E  22 
 GUESSED vdw of  C3' in  DT E  22  =  1.80
 NON-STANDARD atom.| O3'| in residue>  DT E  22 
 GUESSED vdw of  O3' in  DT E  22  =  1.40
 NON-STANDARD atom.| C2'| in residue>  DT E  22 
 GUESSED vdw of  C2' in  DT E  22  =  1.80
 NON-STANDARD atom.| C1'| in residue>  DT E  22 
 GUESSED vdw of  C1' in  DT E  22  =  1.80
 NON-STANDARD atom.| N1 | in residue>  DT E  22 
 ASSUMED vdw of  N1  in  DT E  22  =  1.60 (same as   A)
 NON-STANDARD atom.| C2 | in residue>  DT E  22 
 ASSUMED vdw of  C2  in  DT E  22  =  1.80 (same as   A)
 NON-STANDARD atom.| O2 | in residue>  DT E  22 
 ASSUMED vdw of  O2  in  DT E  22  =  1.40 (same as   C)
 NON-STANDARD atom.| N3 | in residue>  DT E  22 
 ASSUMED vdw of  N3  in  DT E  22  =  1.60 (same as   A)
 NON-STANDARD atom.| C4 | in residue>  DT E  22 
 ASSUMED vdw of  C4  in  DT E  22  =  1.80 (same as   A)
 NON-STANDARD atom.| O4 | in residue>  DT E  22 
 ASSUMED vdw of  O4  in  DT E  22  =  1.40 (same as   T)
 NON-STANDARD atom.| C5 | in residue>  DT E  22 
 ASSUMED vdw of  C5  in  DT E  22  =  1.80 (same as   A)
 NON-STANDARD atom.| C7 | in residue>  DT E  22 
 GUESSED vdw of  C7  in  DT E  22  =  1.80
 NON-STANDARD atom.| C6 | in residue>  DT E  22 
 ASSUMED vdw of  C6  in  DT E  22  =  1.80 (same as   A)
 UNKNOWN residue type.............>  DT E  23 
 NON-STANDARD atom.| P  | in residue>  DT E  23 
 ASSUMED vdw of  P   in  DT E  23  =  1.90 (same as   A)
 NON-STANDARD atom.| OP1| in residue>  DT E  23 
 GUESSED vdw of  OP1 in  DT E  23  =  1.40
 NON-STANDARD atom.| OP2| in residue>  DT E  23 
 GUESSED vdw of  OP2 in  DT E  23  =  1.40
 NON-STANDARD atom.| O5'| in residue>  DT E  23 
 GUESSED vdw of  O5' in  DT E  23  =  1.40
 NON-STANDARD atom.| C5'| in residue>  DT E  23 
 GUESSED vdw of  C5' in  DT E  23  =  1.80
 NON-STANDARD atom.| C4'| in residue>  DT E  23 
 GUESSED vdw of  C4' in  DT E  23  =  1.80
 NON-STANDARD atom.| O4'| in residue>  DT E  23 
 GUESSED vdw of  O4' in  DT E  23  =  1.40
 NON-STANDARD atom.| C3'| in residue>  DT E  23 
 GUESSED vdw of  C3' in  DT E  23  =  1.80
 NON-STANDARD atom.| O3'| in residue>  DT E  23 
 GUESSED vdw of  O3' in  DT E  23  =  1.40
 NON-STANDARD atom.| C2'| in residue>  DT E  23 
 GUESSED vdw of  C2' in  DT E  23  =  1.80
 NON-STANDARD atom.| C1'| in residue>  DT E  23 
 GUESSED vdw of  C1' in  DT E  23  =  1.80
 NON-STANDARD atom.| N1 | in residue>  DT E  23 
 ASSUMED vdw of  N1  in  DT E  23  =  1.60 (same as   A)
 NON-STANDARD atom.| C2 | in residue>  DT E  23 
 ASSUMED vdw of  C2  in  DT E  23  =  1.80 (same as   A)
 NON-STANDARD atom.| O2 | in residue>  DT E  23 
 ASSUMED vdw of  O2  in  DT E  23  =  1.40 (same as   C)
 NON-STANDARD atom.| N3 | in residue>  DT E  23 
 ASSUMED vdw of  N3  in  DT E  23  =  1.60 (same as   A)
 NON-STANDARD atom.| C4 | in residue>  DT E  23 
 ASSUMED vdw of  C4  in  DT E  23  =  1.80 (same as   A)
 NON-STANDARD atom.| O4 | in residue>  DT E  23 
 ASSUMED vdw of  O4  in  DT E  23  =  1.40 (same as   T)
 NON-STANDARD atom.| C5 | in residue>  DT E  23 
 ASSUMED vdw of  C5  in  DT E  23  =  1.80 (same as   A)
 NON-STANDARD atom.| C7 | in residue>  DT E  23 
 GUESSED vdw of  C7  in  DT E  23  =  1.80
 NON-STANDARD atom.| C6 | in residue>  DT E  23 
 ASSUMED vdw of  C6  in  DT E  23  =  1.80 (same as   A)
 UNKNOWN residue type.............>  DT E  24 
 NON-STANDARD atom.| P  | in residue>  DT E  24 
 ASSUMED vdw of  P   in  DT E  24  =  1.90 (same as   A)
 NON-STANDARD atom.| OP1| in residue>  DT E  24 
 GUESSED vdw of  OP1 in  DT E  24  =  1.40
 NON-STANDARD atom.| OP2| in residue>  DT E  24 
 GUESSED vdw of  OP2 in  DT E  24  =  1.40
 NON-STANDARD atom.| O5'| in residue>  DT E  24 
 GUESSED vdw of  O5' in  DT E  24  =  1.40
 NON-STANDARD atom.| C5'| in residue>  DT E  24 
 GUESSED vdw of  C5' in  DT E  24  =  1.80
 NON-STANDARD atom.| C4'| in residue>  DT E  24 
 GUESSED vdw of  C4' in  DT E  24  =  1.80
 NON-STANDARD atom.| O4'| in residue>  DT E  24 
 GUESSED vdw of  O4' in  DT E  24  =  1.40
 NON-STANDARD atom.| C3'| in residue>  DT E  24 
 GUESSED vdw of  C3' in  DT E  24  =  1.80
 NON-STANDARD atom.| O3'| in residue>  DT E  24 
 GUESSED vdw of  O3' in  DT E  24  =  1.40
 NON-STANDARD atom.| C2'| in residue>  DT E  24 
 GUESSED vdw of  C2' in  DT E  24  =  1.80
 NON-STANDARD atom.| C1'| in residue>  DT E  24 
 GUESSED vdw of  C1' in  DT E  24  =  1.80
 NON-STANDARD atom.| N1 | in residue>  DT E  24 
 ASSUMED vdw of  N1  in  DT E  24  =  1.60 (same as   A)
 NON-STANDARD atom.| C2 | in residue>  DT E  24 
 ASSUMED vdw of  C2  in  DT E  24  =  1.80 (same as   A)
 NON-STANDARD atom.| O2 | in residue>  DT E  24 
 ASSUMED vdw of  O2  in  DT E  24  =  1.40 (same as   C)
 NON-STANDARD atom.| N3 | in residue>  DT E  24 
 ASSUMED vdw of  N3  in  DT E  24  =  1.60 (same as   A)
 NON-STANDARD atom.| C4 | in residue>  DT E  24 
 ASSUMED vdw of  C4  in  DT E  24  =  1.80 (same as   A)
 NON-STANDARD atom.| O4 | in residue>  DT E  24 
 ASSUMED vdw of  O4  in  DT E  24  =  1.40 (same as   T)
 NON-STANDARD atom.| C5 | in residue>  DT E  24 
 ASSUMED vdw of  C5  in  DT E  24  =  1.80 (same as   A)
 NON-STANDARD atom.| C7 | in residue>  DT E  24 
 GUESSED vdw of  C7  in  DT E  24  =  1.80
 NON-STANDARD atom.| C6 | in residue>  DT E  24 
 ASSUMED vdw of  C6  in  DT E  24  =  1.80 (same as   A)
 UNKNOWN residue type.............>  DA E  25 
 NON-STANDARD atom.| P  | in residue>  DA E  25 
 ASSUMED vdw of  P   in  DA E  25  =  1.90 (same as   A)
 NON-STANDARD atom.| OP1| in residue>  DA E  25 
 GUESSED vdw of  OP1 in  DA E  25  =  1.40
 NON-STANDARD atom.| OP2| in residue>  DA E  25 
 GUESSED vdw of  OP2 in  DA E  25  =  1.40
 NON-STANDARD atom.| O5'| in residue>  DA E  25 
 GUESSED vdw of  O5' in  DA E  25  =  1.40
 NON-STANDARD atom.| C5'| in residue>  DA E  25 
 GUESSED vdw of  C5' in  DA E  25  =  1.80
 NON-STANDARD atom.| C4'| in residue>  DA E  25 
 GUESSED vdw of  C4' in  DA E  25  =  1.80
 NON-STANDARD atom.| O4'| in residue>  DA E  25 
 GUESSED vdw of  O4' in  DA E  25  =  1.40
 NON-STANDARD atom.| C3'| in residue>  DA E  25 
 GUESSED vdw of  C3' in  DA E  25  =  1.80
 NON-STANDARD atom.| O3'| in residue>  DA E  25 
 GUESSED vdw of  O3' in  DA E  25  =  1.40
 NON-STANDARD atom.| C2'| in residue>  DA E  25 
 GUESSED vdw of  C2' in  DA E  25  =  1.80
 NON-STANDARD atom.| C1'| in residue>  DA E  25 
 GUESSED vdw of  C1' in  DA E  25  =  1.80
 NON-STANDARD atom.| N9 | in residue>  DA E  25 
 ASSUMED vdw of  N9  in  DA E  25  =  1.60 (same as   A)
 NON-STANDARD atom.| C8 | in residue>  DA E  25 
 ASSUMED vdw of  C8  in  DA E  25  =  1.80 (same as   A)
 NON-STANDARD atom.| N7 | in residue>  DA E  25 
 ASSUMED vdw of  N7  in  DA E  25  =  1.60 (same as   A)
 NON-STANDARD atom.| C5 | in residue>  DA E  25 
 ASSUMED vdw of  C5  in  DA E  25  =  1.80 (same as   A)
 NON-STANDARD atom.| C6 | in residue>  DA E  25 
 ASSUMED vdw of  C6  in  DA E  25  =  1.80 (same as   A)
 NON-STANDARD atom.| N6 | in residue>  DA E  25 
 ASSUMED vdw of  N6  in  DA E  25  =  1.60 (same as   A)
 NON-STANDARD atom.| N1 | in residue>  DA E  25 
 ASSUMED vdw of  N1  in  DA E  25  =  1.60 (same as   A)
 NON-STANDARD atom.| C2 | in residue>  DA E  25 
 ASSUMED vdw of  C2  in  DA E  25  =  1.80 (same as   A)
 NON-STANDARD atom.| N3 | in residue>  DA E  25 
 ASSUMED vdw of  N3  in  DA E  25  =  1.60 (same as   A)
 NON-STANDARD atom.| C4 | in residue>  DA E  25 
 ASSUMED vdw of  C4  in  DA E  25  =  1.80 (same as   A)
 UNKNOWN residue type.............>  DT E  26 
 NON-STANDARD atom.| P  | in residue>  DT E  26 
 ASSUMED vdw of  P   in  DT E  26  =  1.90 (same as   A)
 NON-STANDARD atom.| OP1| in residue>  DT E  26 
 GUESSED vdw of  OP1 in  DT E  26  =  1.40
 NON-STANDARD atom.| OP2| in residue>  DT E  26 
 GUESSED vdw of  OP2 in  DT E  26  =  1.40
 NON-STANDARD atom.| O5'| in residue>  DT E  26 
 GUESSED vdw of  O5' in  DT E  26  =  1.40
 NON-STANDARD atom.| C5'| in residue>  DT E  26 
 GUESSED vdw of  C5' in  DT E  26  =  1.80
 NON-STANDARD atom.| C4'| in residue>  DT E  26 
 GUESSED vdw of  C4' in  DT E  26  =  1.80
 NON-STANDARD atom.| O4'| in residue>  DT E  26 
 GUESSED vdw of  O4' in  DT E  26  =  1.40
 NON-STANDARD atom.| C3'| in residue>  DT E  26 
 GUESSED vdw of  C3' in  DT E  26  =  1.80
 NON-STANDARD atom.| O3'| in residue>  DT E  26 
 GUESSED vdw of  O3' in  DT E  26  =  1.40
 NON-STANDARD atom.| C2'| in residue>  DT E  26 
 GUESSED vdw of  C2' in  DT E  26  =  1.80
 NON-STANDARD atom.| C1'| in residue>  DT E  26 
 GUESSED vdw of  C1' in  DT E  26  =  1.80
 NON-STANDARD atom.| N1 | in residue>  DT E  26 
 ASSUMED vdw of  N1  in  DT E  26  =  1.60 (same as   A)
 NON-STANDARD atom.| C2 | in residue>  DT E  26 
 ASSUMED vdw of  C2  in  DT E  26  =  1.80 (same as   A)
 NON-STANDARD atom.| O2 | in residue>  DT E  26 
 ASSUMED vdw of  O2  in  DT E  26  =  1.40 (same as   C)
 NON-STANDARD atom.| N3 | in residue>  DT E  26 
 ASSUMED vdw of  N3  in  DT E  26  =  1.60 (same as   A)
 NON-STANDARD atom.| C4 | in residue>  DT E  26 
 ASSUMED vdw of  C4  in  DT E  26  =  1.80 (same as   A)
 NON-STANDARD atom.| O4 | in residue>  DT E  26 
 ASSUMED vdw of  O4  in  DT E  26  =  1.40 (same as   T)
 NON-STANDARD atom.| C5 | in residue>  DT E  26 
 ASSUMED vdw of  C5  in  DT E  26  =  1.80 (same as   A)
 NON-STANDARD atom.| C7 | in residue>  DT E  26 
 GUESSED vdw of  C7  in  DT E  26  =  1.80
 NON-STANDARD atom.| C6 | in residue>  DT E  26 
 ASSUMED vdw of  C6  in  DT E  26  =  1.80 (same as   A)
 UNKNOWN residue type.............>  DA E  27 
 NON-STANDARD atom.| P  | in residue>  DA E  27 
 ASSUMED vdw of  P   in  DA E  27  =  1.90 (same as   A)
 NON-STANDARD atom.| OP1| in residue>  DA E  27 
 GUESSED vdw of  OP1 in  DA E  27  =  1.40
 NON-STANDARD atom.| OP2| in residue>  DA E  27 
 GUESSED vdw of  OP2 in  DA E  27  =  1.40
 NON-STANDARD atom.| O5'| in residue>  DA E  27 
 GUESSED vdw of  O5' in  DA E  27  =  1.40
 NON-STANDARD atom.| C5'| in residue>  DA E  27 
 GUESSED vdw of  C5' in  DA E  27  =  1.80
 NON-STANDARD atom.| C4'| in residue>  DA E  27 
 GUESSED vdw of  C4' in  DA E  27  =  1.80
 NON-STANDARD atom.| O4'| in residue>  DA E  27 
 GUESSED vdw of  O4' in  DA E  27  =  1.40
 NON-STANDARD atom.| C3'| in residue>  DA E  27 
 GUESSED vdw of  C3' in  DA E  27  =  1.80
 NON-STANDARD atom.| O3'| in residue>  DA E  27 
 GUESSED vdw of  O3' in  DA E  27  =  1.40
 NON-STANDARD atom.| C2'| in residue>  DA E  27 
 GUESSED vdw of  C2' in  DA E  27  =  1.80
 NON-STANDARD atom.| C1'| in residue>  DA E  27 
 GUESSED vdw of  C1' in  DA E  27  =  1.80
 NON-STANDARD atom.| N9 | in residue>  DA E  27 
 ASSUMED vdw of  N9  in  DA E  27  =  1.60 (same as   A)
 NON-STANDARD atom.| C8 | in residue>  DA E  27 
 ASSUMED vdw of  C8  in  DA E  27  =  1.80 (same as   A)
 NON-STANDARD atom.| N7 | in residue>  DA E  27 
 ASSUMED vdw of  N7  in  DA E  27  =  1.60 (same as   A)
 NON-STANDARD atom.| C5 | in residue>  DA E  27 
 ASSUMED vdw of  C5  in  DA E  27  =  1.80 (same as   A)
 NON-STANDARD atom.| C6 | in residue>  DA E  27 
 ASSUMED vdw of  C6  in  DA E  27  =  1.80 (same as   A)
 NON-STANDARD atom.| N6 | in residue>  DA E  27 
 ASSUMED vdw of  N6  in  DA E  27  =  1.60 (same as   A)
 NON-STANDARD atom.| N1 | in residue>  DA E  27 
 ASSUMED vdw of  N1  in  DA E  27  =  1.60 (same as   A)
 NON-STANDARD atom.| C2 | in residue>  DA E  27 
 ASSUMED vdw of  C2  in  DA E  27  =  1.80 (same as   A)
 NON-STANDARD atom.| N3 | in residue>  DA E  27 
 ASSUMED vdw of  N3  in  DA E  27  =  1.60 (same as   A)
 NON-STANDARD atom.| C4 | in residue>  DA E  27 
 ASSUMED vdw of  C4  in  DA E  27  =  1.80 (same as   A)
 UNKNOWN residue type.............>  DT E  28 
 NON-STANDARD atom.| P  | in residue>  DT E  28 
 ASSUMED vdw of  P   in  DT E  28  =  1.90 (same as   A)
 NON-STANDARD atom.| OP1| in residue>  DT E  28 
 GUESSED vdw of  OP1 in  DT E  28  =  1.40
 NON-STANDARD atom.| OP2| in residue>  DT E  28 
 GUESSED vdw of  OP2 in  DT E  28  =  1.40
 NON-STANDARD atom.| O5'| in residue>  DT E  28 
 GUESSED vdw of  O5' in  DT E  28  =  1.40
 NON-STANDARD atom.| C5'| in residue>  DT E  28 
 GUESSED vdw of  C5' in  DT E  28  =  1.80
 NON-STANDARD atom.| C4'| in residue>  DT E  28 
 GUESSED vdw of  C4' in  DT E  28  =  1.80
 NON-STANDARD atom.| O4'| in residue>  DT E  28 
 GUESSED vdw of  O4' in  DT E  28  =  1.40
 NON-STANDARD atom.| C3'| in residue>  DT E  28 
 GUESSED vdw of  C3' in  DT E  28  =  1.80
 NON-STANDARD atom.| O3'| in residue>  DT E  28 
 GUESSED vdw of  O3' in  DT E  28  =  1.40
 NON-STANDARD atom.| C2'| in residue>  DT E  28 
 GUESSED vdw of  C2' in  DT E  28  =  1.80
 NON-STANDARD atom.| C1'| in residue>  DT E  28 
 GUESSED vdw of  C1' in  DT E  28  =  1.80
 NON-STANDARD atom.| N1 | in residue>  DT E  28 
 ASSUMED vdw of  N1  in  DT E  28  =  1.60 (same as   A)
 NON-STANDARD atom.| C2 | in residue>  DT E  28 
 ASSUMED vdw of  C2  in  DT E  28  =  1.80 (same as   A)
 NON-STANDARD atom.| O2 | in residue>  DT E  28 
 ASSUMED vdw of  O2  in  DT E  28  =  1.40 (same as   C)
 NON-STANDARD atom.| N3 | in residue>  DT E  28 
 ASSUMED vdw of  N3  in  DT E  28  =  1.60 (same as   A)
 NON-STANDARD atom.| C4 | in residue>  DT E  28 
 ASSUMED vdw of  C4  in  DT E  28  =  1.80 (same as   A)
 NON-STANDARD atom.| O4 | in residue>  DT E  28 
 ASSUMED vdw of  O4  in  DT E  28  =  1.40 (same as   T)
 NON-STANDARD atom.| C5 | in residue>  DT E  28 
 ASSUMED vdw of  C5  in  DT E  28  =  1.80 (same as   A)
 NON-STANDARD atom.| C7 | in residue>  DT E  28 
 GUESSED vdw of  C7  in  DT E  28  =  1.80
 NON-STANDARD atom.| C6 | in residue>  DT E  28 
 ASSUMED vdw of  C6  in  DT E  28  =  1.80 (same as   A)
 UNKNOWN residue type.............>  DC E  29 
 NON-STANDARD atom.| P  | in residue>  DC E  29 
 ASSUMED vdw of  P   in  DC E  29  =  1.90 (same as   A)
 NON-STANDARD atom.| OP1| in residue>  DC E  29 
 GUESSED vdw of  OP1 in  DC E  29  =  1.40
 NON-STANDARD atom.| OP2| in residue>  DC E  29 
 GUESSED vdw of  OP2 in  DC E  29  =  1.40
 NON-STANDARD atom.| O5'| in residue>  DC E  29 
 GUESSED vdw of  O5' in  DC E  29  =  1.40
 NON-STANDARD atom.| C5'| in residue>  DC E  29 
 GUESSED vdw of  C5' in  DC E  29  =  1.80
 NON-STANDARD atom.| C4'| in residue>  DC E  29 
 GUESSED vdw of  C4' in  DC E  29  =  1.80
 NON-STANDARD atom.| O4'| in residue>  DC E  29 
 GUESSED vdw of  O4' in  DC E  29  =  1.40
 NON-STANDARD atom.| C3'| in residue>  DC E  29 
 GUESSED vdw of  C3' in  DC E  29  =  1.80
 NON-STANDARD atom.| O3'| in residue>  DC E  29 
 GUESSED vdw of  O3' in  DC E  29  =  1.40
 NON-STANDARD atom.| C2'| in residue>  DC E  29 
 GUESSED vdw of  C2' in  DC E  29  =  1.80
 NON-STANDARD atom.| C1'| in residue>  DC E  29 
 GUESSED vdw of  C1' in  DC E  29  =  1.80
 NON-STANDARD atom.| N1 | in residue>  DC E  29 
 ASSUMED vdw of  N1  in  DC E  29  =  1.60 (same as   A)
 NON-STANDARD atom.| C2 | in residue>  DC E  29 
 ASSUMED vdw of  C2  in  DC E  29  =  1.80 (same as   A)
 NON-STANDARD atom.| O2 | in residue>  DC E  29 
 ASSUMED vdw of  O2  in  DC E  29  =  1.40 (same as   C)
 NON-STANDARD atom.| N3 | in residue>  DC E  29 
 ASSUMED vdw of  N3  in  DC E  29  =  1.60 (same as   A)
 NON-STANDARD atom.| C4 | in residue>  DC E  29 
 ASSUMED vdw of  C4  in  DC E  29  =  1.80 (same as   A)
 NON-STANDARD atom.| N4 | in residue>  DC E  29 
 ASSUMED vdw of  N4  in  DC E  29  =  1.60 (same as   C)
 NON-STANDARD atom.| C5 | in residue>  DC E  29 
 ASSUMED vdw of  C5  in  DC E  29  =  1.80 (same as   A)
 NON-STANDARD atom.| C6 | in residue>  DC E  29 
 ASSUMED vdw of  C6  in  DC E  29  =  1.80 (same as   A)
 UNKNOWN residue type.............>  DG E  30 
 NON-STANDARD atom.| P  | in residue>  DG E  30 
 ASSUMED vdw of  P   in  DG E  30  =  1.90 (same as   A)
 NON-STANDARD atom.| OP1| in residue>  DG E  30 
 GUESSED vdw of  OP1 in  DG E  30  =  1.40
 NON-STANDARD atom.| OP2| in residue>  DG E  30 
 GUESSED vdw of  OP2 in  DG E  30  =  1.40
 NON-STANDARD atom.| O5'| in residue>  DG E  30 
 GUESSED vdw of  O5' in  DG E  30  =  1.40
 NON-STANDARD atom.| C5'| in residue>  DG E  30 
 GUESSED vdw of  C5' in  DG E  30  =  1.80
 NON-STANDARD atom.| C4'| in residue>  DG E  30 
 GUESSED vdw of  C4' in  DG E  30  =  1.80
 NON-STANDARD atom.| O4'| in residue>  DG E  30 
 GUESSED vdw of  O4' in  DG E  30  =  1.40
 NON-STANDARD atom.| C3'| in residue>  DG E  30 
 GUESSED vdw of  C3' in  DG E  30  =  1.80
 NON-STANDARD atom.| O3'| in residue>  DG E  30 
 GUESSED vdw of  O3' in  DG E  30  =  1.40
 NON-STANDARD atom.| C2'| in residue>  DG E  30 
 GUESSED vdw of  C2' in  DG E  30  =  1.80
 NON-STANDARD atom.| C1'| in residue>  DG E  30 
 GUESSED vdw of  C1' in  DG E  30  =  1.80
 NON-STANDARD atom.| N9 | in residue>  DG E  30 
 ASSUMED vdw of  N9  in  DG E  30  =  1.60 (same as   A)
 NON-STANDARD atom.| C8 | in residue>  DG E  30 
 ASSUMED vdw of  C8  in  DG E  30  =  1.80 (same as   A)
 NON-STANDARD atom.| N7 | in residue>  DG E  30 
 ASSUMED vdw of  N7  in  DG E  30  =  1.60 (same as   A)
 NON-STANDARD atom.| C5 | in residue>  DG E  30 
 ASSUMED vdw of  C5  in  DG E  30  =  1.80 (same as   A)
 NON-STANDARD atom.| C6 | in residue>  DG E  30 
 ASSUMED vdw of  C6  in  DG E  30  =  1.80 (same as   A)
 NON-STANDARD atom.| O6 | in residue>  DG E  30 
 ASSUMED vdw of  O6  in  DG E  30  =  1.40 (same as   G)
 NON-STANDARD atom.| N1 | in residue>  DG E  30 
 ASSUMED vdw of  N1  in  DG E  30  =  1.60 (same as   A)
 NON-STANDARD atom.| C2 | in residue>  DG E  30 
 ASSUMED vdw of  C2  in  DG E  30  =  1.80 (same as   A)
 NON-STANDARD atom.| N2 | in residue>  DG E  30 
 ASSUMED vdw of  N2  in  DG E  30  =  1.60 (same as   G)
 NON-STANDARD atom.| N3 | in residue>  DG E  30 
 ASSUMED vdw of  N3  in  DG E  30  =  1.60 (same as   A)
 NON-STANDARD atom.| C4 | in residue>  DG E  30 
 ASSUMED vdw of  C4  in  DG E  30  =  1.80 (same as   A)
 UNKNOWN residue type.............>  DA E  31 
 NON-STANDARD atom.| P  | in residue>  DA E  31 
 ASSUMED vdw of  P   in  DA E  31  =  1.90 (same as   A)
 NON-STANDARD atom.| OP1| in residue>  DA E  31 
 GUESSED vdw of  OP1 in  DA E  31  =  1.40
 NON-STANDARD atom.| OP2| in residue>  DA E  31 
 GUESSED vdw of  OP2 in  DA E  31  =  1.40
 NON-STANDARD atom.| O5'| in residue>  DA E  31 
 GUESSED vdw of  O5' in  DA E  31  =  1.40
 NON-STANDARD atom.| C5'| in residue>  DA E  31 
 GUESSED vdw of  C5' in  DA E  31  =  1.80
 NON-STANDARD atom.| C4'| in residue>  DA E  31 
 GUESSED vdw of  C4' in  DA E  31  =  1.80
 NON-STANDARD atom.| O4'| in residue>  DA E  31 
 GUESSED vdw of  O4' in  DA E  31  =  1.40
 NON-STANDARD atom.| C3'| in residue>  DA E  31 
 GUESSED vdw of  C3' in  DA E  31  =  1.80
 NON-STANDARD atom.| O3'| in residue>  DA E  31 
 GUESSED vdw of  O3' in  DA E  31  =  1.40
 NON-STANDARD atom.| C2'| in residue>  DA E  31 
 GUESSED vdw of  C2' in  DA E  31  =  1.80
 NON-STANDARD atom.| C1'| in residue>  DA E  31 
 GUESSED vdw of  C1' in  DA E  31  =  1.80
 NON-STANDARD atom.| N9 | in residue>  DA E  31 
 ASSUMED vdw of  N9  in  DA E  31  =  1.60 (same as   A)
 NON-STANDARD atom.| C8 | in residue>  DA E  31 
 ASSUMED vdw of  C8  in  DA E  31  =  1.80 (same as   A)
 NON-STANDARD atom.| N7 | in residue>  DA E  31 
 ASSUMED vdw of  N7  in  DA E  31  =  1.60 (same as   A)
 NON-STANDARD atom.| C5 | in residue>  DA E  31 
 ASSUMED vdw of  C5  in  DA E  31  =  1.80 (same as   A)
 NON-STANDARD atom.| C6 | in residue>  DA E  31 
 ASSUMED vdw of  C6  in  DA E  31  =  1.80 (same as   A)
 NON-STANDARD atom.| N6 | in residue>  DA E  31 
 ASSUMED vdw of  N6  in  DA E  31  =  1.60 (same as   A)
 NON-STANDARD atom.| N1 | in residue>  DA E  31 
 ASSUMED vdw of  N1  in  DA E  31  =  1.60 (same as   A)
 NON-STANDARD atom.| C2 | in residue>  DA E  31 
 ASSUMED vdw of  C2  in  DA E  31  =  1.80 (same as   A)
 NON-STANDARD atom.| N3 | in residue>  DA E  31 
 ASSUMED vdw of  N3  in  DA E  31  =  1.60 (same as   A)
 NON-STANDARD atom.| C4 | in residue>  DA E  31 
 ASSUMED vdw of  C4  in  DA E  31  =  1.80 (same as   A)
 UNKNOWN residue type.............>  DT E  32 
 NON-STANDARD atom.| P  | in residue>  DT E  32 
 ASSUMED vdw of  P   in  DT E  32  =  1.90 (same as   A)
 NON-STANDARD atom.| OP1| in residue>  DT E  32 
 GUESSED vdw of  OP1 in  DT E  32  =  1.40
 NON-STANDARD atom.| OP2| in residue>  DT E  32 
 GUESSED vdw of  OP2 in  DT E  32  =  1.40
 NON-STANDARD atom.| O5'| in residue>  DT E  32 
 GUESSED vdw of  O5' in  DT E  32  =  1.40
 NON-STANDARD atom.| C5'| in residue>  DT E  32 
 GUESSED vdw of  C5' in  DT E  32  =  1.80
 NON-STANDARD atom.| C4'| in residue>  DT E  32 
 GUESSED vdw of  C4' in  DT E  32  =  1.80
 NON-STANDARD atom.| O4'| in residue>  DT E  32 
 GUESSED vdw of  O4' in  DT E  32  =  1.40
 NON-STANDARD atom.| C3'| in residue>  DT E  32 
 GUESSED vdw of  C3' in  DT E  32  =  1.80
 NON-STANDARD atom.| O3'| in residue>  DT E  32 
 GUESSED vdw of  O3' in  DT E  32  =  1.40
 NON-STANDARD atom.| C2'| in residue>  DT E  32 
 GUESSED vdw of  C2' in  DT E  32  =  1.80
 NON-STANDARD atom.| C1'| in residue>  DT E  32 
 GUESSED vdw of  C1' in  DT E  32  =  1.80
 NON-STANDARD atom.| N1 | in residue>  DT E  32 
 ASSUMED vdw of  N1  in  DT E  32  =  1.60 (same as   A)
 NON-STANDARD atom.| C2 | in residue>  DT E  32 
 ASSUMED vdw of  C2  in  DT E  32  =  1.80 (same as   A)
 NON-STANDARD atom.| O2 | in residue>  DT E  32 
 ASSUMED vdw of  O2  in  DT E  32  =  1.40 (same as   C)
 NON-STANDARD atom.| N3 | in residue>  DT E  32 
 ASSUMED vdw of  N3  in  DT E  32  =  1.60 (same as   A)
 NON-STANDARD atom.| C4 | in residue>  DT E  32 
 ASSUMED vdw of  C4  in  DT E  32  =  1.80 (same as   A)
 NON-STANDARD atom.| O4 | in residue>  DT E  32 
 ASSUMED vdw of  O4  in  DT E  32  =  1.40 (same as   T)
 NON-STANDARD atom.| C5 | in residue>  DT E  32 
 ASSUMED vdw of  C5  in  DT E  32  =  1.80 (same as   A)
 NON-STANDARD atom.| C7 | in residue>  DT E  32 
 GUESSED vdw of  C7  in  DT E  32  =  1.80
 NON-STANDARD atom.| C6 | in residue>  DT E  32 
 ASSUMED vdw of  C6  in  DT E  32  =  1.80 (same as   A)
 UNKNOWN residue type.............>  DC E  33 
 NON-STANDARD atom.| P  | in residue>  DC E  33 
 ASSUMED vdw of  P   in  DC E  33  =  1.90 (same as   A)
 NON-STANDARD atom.| OP1| in residue>  DC E  33 
 GUESSED vdw of  OP1 in  DC E  33  =  1.40
 NON-STANDARD atom.| OP2| in residue>  DC E  33 
 GUESSED vdw of  OP2 in  DC E  33  =  1.40
 NON-STANDARD atom.| O5'| in residue>  DC E  33 
 GUESSED vdw of  O5' in  DC E  33  =  1.40
 NON-STANDARD atom.| C5'| in residue>  DC E  33 
 GUESSED vdw of  C5' in  DC E  33  =  1.80
 NON-STANDARD atom.| C4'| in residue>  DC E  33 
 GUESSED vdw of  C4' in  DC E  33  =  1.80
 NON-STANDARD atom.| O4'| in residue>  DC E  33 
 GUESSED vdw of  O4' in  DC E  33  =  1.40
 NON-STANDARD atom.| C3'| in residue>  DC E  33 
 GUESSED vdw of  C3' in  DC E  33  =  1.80
 NON-STANDARD atom.| O3'| in residue>  DC E  33 
 GUESSED vdw of  O3' in  DC E  33  =  1.40
 NON-STANDARD atom.| C2'| in residue>  DC E  33 
 GUESSED vdw of  C2' in  DC E  33  =  1.80
 NON-STANDARD atom.| C1'| in residue>  DC E  33 
 GUESSED vdw of  C1' in  DC E  33  =  1.80
 NON-STANDARD atom.| N1 | in residue>  DC E  33 
 ASSUMED vdw of  N1  in  DC E  33  =  1.60 (same as   A)
 NON-STANDARD atom.| C2 | in residue>  DC E  33 
 ASSUMED vdw of  C2  in  DC E  33  =  1.80 (same as   A)
 NON-STANDARD atom.| O2 | in residue>  DC E  33 
 ASSUMED vdw of  O2  in  DC E  33  =  1.40 (same as   C)
 NON-STANDARD atom.| N3 | in residue>  DC E  33 
 ASSUMED vdw of  N3  in  DC E  33  =  1.60 (same as   A)
 NON-STANDARD atom.| C4 | in residue>  DC E  33 
 ASSUMED vdw of  C4  in  DC E  33  =  1.80 (same as   A)
 NON-STANDARD atom.| N4 | in residue>  DC E  33 
 ASSUMED vdw of  N4  in  DC E  33  =  1.60 (same as   C)
 NON-STANDARD atom.| C5 | in residue>  DC E  33 
 ASSUMED vdw of  C5  in  DC E  33  =  1.80 (same as   A)
 NON-STANDARD atom.| C6 | in residue>  DC E  33 
 ASSUMED vdw of  C6  in  DC E  33  =  1.80 (same as   A)
 UNKNOWN residue type.............>  DG E  34 
 NON-STANDARD atom.| P  | in residue>  DG E  34 
 ASSUMED vdw of  P   in  DG E  34  =  1.90 (same as   A)
 NON-STANDARD atom.| OP1| in residue>  DG E  34 
 GUESSED vdw of  OP1 in  DG E  34  =  1.40
 NON-STANDARD atom.| OP2| in residue>  DG E  34 
 GUESSED vdw of  OP2 in  DG E  34  =  1.40
 NON-STANDARD atom.| O5'| in residue>  DG E  34 
 GUESSED vdw of  O5' in  DG E  34  =  1.40
 NON-STANDARD atom.| C5'| in residue>  DG E  34 
 GUESSED vdw of  C5' in  DG E  34  =  1.80
 NON-STANDARD atom.| C4'| in residue>  DG E  34 
 GUESSED vdw of  C4' in  DG E  34  =  1.80
 NON-STANDARD atom.| O4'| in residue>  DG E  34 
 GUESSED vdw of  O4' in  DG E  34  =  1.40
 NON-STANDARD atom.| C3'| in residue>  DG E  34 
 GUESSED vdw of  C3' in  DG E  34  =  1.80
 NON-STANDARD atom.| O3'| in residue>  DG E  34 
 GUESSED vdw of  O3' in  DG E  34  =  1.40
 NON-STANDARD atom.| C2'| in residue>  DG E  34 
 GUESSED vdw of  C2' in  DG E  34  =  1.80
 NON-STANDARD atom.| C1'| in residue>  DG E  34 
 GUESSED vdw of  C1' in  DG E  34  =  1.80
 NON-STANDARD atom.| N9 | in residue>  DG E  34 
 ASSUMED vdw of  N9  in  DG E  34  =  1.60 (same as   A)
 NON-STANDARD atom.| C8 | in residue>  DG E  34 
 ASSUMED vdw of  C8  in  DG E  34  =  1.80 (same as   A)
 NON-STANDARD atom.| N7 | in residue>  DG E  34 
 ASSUMED vdw of  N7  in  DG E  34  =  1.60 (same as   A)
 NON-STANDARD atom.| C5 | in residue>  DG E  34 
 ASSUMED vdw of  C5  in  DG E  34  =  1.80 (same as   A)
 NON-STANDARD atom.| C6 | in residue>  DG E  34 
 ASSUMED vdw of  C6  in  DG E  34  =  1.80 (same as   A)
 NON-STANDARD atom.| O6 | in residue>  DG E  34 
 ASSUMED vdw of  O6  in  DG E  34  =  1.40 (same as   G)
 NON-STANDARD atom.| N1 | in residue>  DG E  34 
 ASSUMED vdw of  N1  in  DG E  34  =  1.60 (same as   A)
 NON-STANDARD atom.| C2 | in residue>  DG E  34 
 ASSUMED vdw of  C2  in  DG E  34  =  1.80 (same as   A)
 NON-STANDARD atom.| N2 | in residue>  DG E  34 
 ASSUMED vdw of  N2  in  DG E  34  =  1.60 (same as   G)
 NON-STANDARD atom.| N3 | in residue>  DG E  34 
 ASSUMED vdw of  N3  in  DG E  34  =  1.60 (same as   A)
 NON-STANDARD atom.| C4 | in residue>  DG E  34 
 ASSUMED vdw of  C4  in  DG E  34  =  1.80 (same as   A)
 UNKNOWN residue type.............>  DA E  35 
 NON-STANDARD atom.| P  | in residue>  DA E  35 
 ASSUMED vdw of  P   in  DA E  35  =  1.90 (same as   A)
 NON-STANDARD atom.| OP1| in residue>  DA E  35 
 GUESSED vdw of  OP1 in  DA E  35  =  1.40
 NON-STANDARD atom.| OP2| in residue>  DA E  35 
 GUESSED vdw of  OP2 in  DA E  35  =  1.40
 NON-STANDARD atom.| O5'| in residue>  DA E  35 
 GUESSED vdw of  O5' in  DA E  35  =  1.40
 NON-STANDARD atom.| C5'| in residue>  DA E  35 
 GUESSED vdw of  C5' in  DA E  35  =  1.80
 NON-STANDARD atom.| C4'| in residue>  DA E  35 
 GUESSED vdw of  C4' in  DA E  35  =  1.80
 NON-STANDARD atom.| O4'| in residue>  DA E  35 
 GUESSED vdw of  O4' in  DA E  35  =  1.40
 NON-STANDARD atom.| C3'| in residue>  DA E  35 
 GUESSED vdw of  C3' in  DA E  35  =  1.80
 NON-STANDARD atom.| O3'| in residue>  DA E  35 
 GUESSED vdw of  O3' in  DA E  35  =  1.40
 NON-STANDARD atom.| C2'| in residue>  DA E  35 
 GUESSED vdw of  C2' in  DA E  35  =  1.80
 NON-STANDARD atom.| C1'| in residue>  DA E  35 
 GUESSED vdw of  C1' in  DA E  35  =  1.80
 NON-STANDARD atom.| N9 | in residue>  DA E  35 
 ASSUMED vdw of  N9  in  DA E  35  =  1.60 (same as   A)
 NON-STANDARD atom.| C8 | in residue>  DA E  35 
 ASSUMED vdw of  C8  in  DA E  35  =  1.80 (same as   A)
 NON-STANDARD atom.| N7 | in residue>  DA E  35 
 ASSUMED vdw of  N7  in  DA E  35  =  1.60 (same as   A)
 NON-STANDARD atom.| C5 | in residue>  DA E  35 
 ASSUMED vdw of  C5  in  DA E  35  =  1.80 (same as   A)
 NON-STANDARD atom.| C6 | in residue>  DA E  35 
 ASSUMED vdw of  C6  in  DA E  35  =  1.80 (same as   A)
 NON-STANDARD atom.| N6 | in residue>  DA E  35 
 ASSUMED vdw of  N6  in  DA E  35  =  1.60 (same as   A)
 NON-STANDARD atom.| N1 | in residue>  DA E  35 
 ASSUMED vdw of  N1  in  DA E  35  =  1.60 (same as   A)
 NON-STANDARD atom.| C2 | in residue>  DA E  35 
 ASSUMED vdw of  C2  in  DA E  35  =  1.80 (same as   A)
 NON-STANDARD atom.| N3 | in residue>  DA E  35 
 ASSUMED vdw of  N3  in  DA E  35  =  1.60 (same as   A)
 NON-STANDARD atom.| C4 | in residue>  DA E  35 
 ASSUMED vdw of  C4  in  DA E  35  =  1.80 (same as   A)
 UNKNOWN residue type.............>  DT E  36 
 NON-STANDARD atom.| P  | in residue>  DT E  36 
 ASSUMED vdw of  P   in  DT E  36  =  1.90 (same as   A)
 NON-STANDARD atom.| OP1| in residue>  DT E  36 
 GUESSED vdw of  OP1 in  DT E  36  =  1.40
 NON-STANDARD atom.| OP2| in residue>  DT E  36 
 GUESSED vdw of  OP2 in  DT E  36  =  1.40
 NON-STANDARD atom.| O5'| in residue>  DT E  36 
 GUESSED vdw of  O5' in  DT E  36  =  1.40
 NON-STANDARD atom.| C5'| in residue>  DT E  36 
 GUESSED vdw of  C5' in  DT E  36  =  1.80
 NON-STANDARD atom.| C4'| in residue>  DT E  36 
 GUESSED vdw of  C4' in  DT E  36  =  1.80
 NON-STANDARD atom.| O4'| in residue>  DT E  36 
 GUESSED vdw of  O4' in  DT E  36  =  1.40
 NON-STANDARD atom.| C3'| in residue>  DT E  36 
 GUESSED vdw of  C3' in  DT E  36  =  1.80
 NON-STANDARD atom.| O3'| in residue>  DT E  36 
 GUESSED vdw of  O3' in  DT E  36  =  1.40
 NON-STANDARD atom.| C2'| in residue>  DT E  36 
 GUESSED vdw of  C2' in  DT E  36  =  1.80
 NON-STANDARD atom.| C1'| in residue>  DT E  36 
 GUESSED vdw of  C1' in  DT E  36  =  1.80
 NON-STANDARD atom.| N1 | in residue>  DT E  36 
 ASSUMED vdw of  N1  in  DT E  36  =  1.60 (same as   A)
 NON-STANDARD atom.| C2 | in residue>  DT E  36 
 ASSUMED vdw of  C2  in  DT E  36  =  1.80 (same as   A)
 NON-STANDARD atom.| O2 | in residue>  DT E  36 
 ASSUMED vdw of  O2  in  DT E  36  =  1.40 (same as   C)
 NON-STANDARD atom.| N3 | in residue>  DT E  36 
 ASSUMED vdw of  N3  in  DT E  36  =  1.60 (same as   A)
 NON-STANDARD atom.| C4 | in residue>  DT E  36 
 ASSUMED vdw of  C4  in  DT E  36  =  1.80 (same as   A)
 NON-STANDARD atom.| O4 | in residue>  DT E  36 
 ASSUMED vdw of  O4  in  DT E  36  =  1.40 (same as   T)
 NON-STANDARD atom.| C5 | in residue>  DT E  36 
 ASSUMED vdw of  C5  in  DT E  36  =  1.80 (same as   A)
 NON-STANDARD atom.| C7 | in residue>  DT E  36 
 GUESSED vdw of  C7  in  DT E  36  =  1.80
 NON-STANDARD atom.| C6 | in residue>  DT E  36 
 ASSUMED vdw of  C6  in  DT E  36  =  1.80 (same as   A)
 ADDED VDW RADII
 CHAINS       1
 RESIDUES    18
 ATOMS      367
 SOLVA: PROGRAM ENDS CORRECTLY
 CALCULATED ATOMIC ACCESSIBILITES
 RELATIVE (STANDARD) ACCESSIBILITIES READFOR  20 AMINO ACIDS
 SUMMED ACCESSIBILITIES OVER RESIDUES
